
CIFAR10
RANDOM SEED 4666
WAAL
Class Distribution :  [ 2.  4.  5.  2.  9.  2. 10.  5.  3.  8.]
Round 0
testing accuracy 0.2264


Round 1
Class Distribution :  [ 6. 15.  9. 10.  9. 12. 10.  9.  5. 15.]
testing accuracy 0.2924


Round 2
Class Distribution :  [10. 19. 14. 14.  9. 23. 12. 11. 11. 27.]
testing accuracy 0.2999


Round 3
Class Distribution :  [12. 19. 27. 17. 21. 23. 30. 13. 11. 27.]
testing accuracy 0.3136


Round 4
Class Distribution :  [15. 28. 33. 23. 28. 25. 34. 19. 11. 34.]
testing accuracy 0.3116


Round 5
Class Distribution :  [17. 34. 38. 32. 34. 29. 37. 24. 14. 41.]
testing accuracy 0.3193


Round 6
Class Distribution :  [20. 34. 39. 33. 35. 33. 37. 52. 24. 43.]
testing accuracy 0.3354


SEED 4666
WAAL
[0.2264 0.2924 0.2999 0.3136 0.3116 0.3193 0.3354]
CIFAR10
RANDOM SEED 4666
WAAL
Class Distribution :  [6. 1. 2. 3. 5. 7. 7. 6. 4. 9.]
Round 0
testing accuracy 0.2185


Round 1
Class Distribution :  [39.  2. 13.  4.  6.  7.  8.  6.  6.  9.]
testing accuracy 0.2197


Round 2
Class Distribution :  [46.  9. 18. 13. 14.  7. 16.  6.  6. 15.]
testing accuracy 0.2218


Round 3
Class Distribution :  [48. 20. 20. 17. 16. 17. 22. 11.  7. 22.]
testing accuracy 0.3008


Round 4
Class Distribution :  [59. 20. 24. 25. 18. 28. 25. 14. 14. 23.]
testing accuracy 0.3144


Round 5
Class Distribution :  [60. 33. 30. 25. 21. 31. 28. 21. 18. 33.]
testing accuracy 0.3746


Round 6
Class Distribution :  [63. 55. 36. 26. 26. 32. 29. 22. 26. 35.]
testing accuracy 0.3514


SEED 4666
WAAL
[0.2185 0.2197 0.2218 0.3008 0.3144 0.3746 0.3514]
CIFAR10
RANDOM SEED 4666
WAAL
Class Distribution :  [9. 7. 4. 5. 4. 4. 3. 7. 5. 2.]
Round 0
testing accuracy 0.2412


Round 1
Class Distribution :  [14. 22.  9. 11.  7.  4. 11.  7.  6.  9.]
testing accuracy 0.2465


Round 2
Class Distribution :  [48. 22. 22. 11.  7.  4. 11.  7.  9.  9.]
testing accuracy 0.2444


Round 3
Class Distribution :  [49. 22. 26. 12. 11.  8. 11. 40. 10. 11.]
testing accuracy 0.2623


Round 4
Class Distribution :  [50. 26. 36. 13. 21. 12. 28. 40. 13. 11.]
testing accuracy 0.2828


Round 5
Class Distribution :  [54. 30. 39. 21. 29. 17. 31. 44. 18. 17.]
testing accuracy 0.3291


Round 6
Class Distribution :  [69. 31. 44. 22. 40. 18. 32. 44. 33. 17.]
testing accuracy 0.2761


SEED 4666
WAAL
[0.2412 0.2465 0.2444 0.2623 0.2828 0.3291 0.2761]
0: 0.303
1: 0.286
2: 0.271
mean AUBC(acc): 0.2867. std dev AUBC(acc): 0.0131
mean time: 13588.0. std dev time: 28.8906
