
CIFAR10
RANDOM SEED 4666
WAAL
Class Distribution :  [ 2.  4.  5.  2.  9.  2. 10.  5.  3.  8.]
Round 0
testing accuracy 0.2256


Round 1
Class Distribution :  [ 7. 12.  7.  9. 10. 13. 11. 11.  6. 14.]
testing accuracy 0.2716


Round 2
Class Distribution :  [12. 17. 11. 15. 14. 16. 12. 17.  9. 27.]
testing accuracy 0.3141


Round 3
Class Distribution :  [18. 23. 12. 25. 20. 19. 13. 24. 13. 33.]
testing accuracy 0.3415


Round 4
Class Distribution :  [22. 28. 18. 28. 23. 24. 20. 31. 16. 40.]
testing accuracy 0.3088


Round 5
Class Distribution :  [28. 35. 25. 35. 29. 28. 23. 34. 21. 42.]
testing accuracy 0.3449


Round 6
Class Distribution :  [33. 37. 38. 43. 32. 31. 26. 37. 27. 46.]
testing accuracy 0.3551


SEED 4666
WAAL
[0.2256 0.2716 0.3141 0.3415 0.3088 0.3449 0.3551]
CIFAR10
RANDOM SEED 4666
WAAL
Class Distribution :  [6. 1. 2. 3. 5. 7. 7. 6. 4. 9.]
Round 0
testing accuracy 0.2109


Round 1
Class Distribution :  [14. 14.  5.  3.  8.  9.  8. 11. 13. 15.]
testing accuracy 0.2799


Round 2
Class Distribution :  [19. 22.  8.  7. 10. 13. 11. 18. 16. 26.]
testing accuracy 0.3122


Round 3
Class Distribution :  [25. 26. 20. 13. 14. 21. 11. 19. 21. 30.]
testing accuracy 0.3351


Round 4
Class Distribution :  [29. 30. 24. 23. 15. 23. 15. 24. 26. 41.]
testing accuracy 0.3445


Round 5
Class Distribution :  [30. 37. 33. 26. 19. 24. 23. 35. 29. 44.]
testing accuracy 0.3837


Round 6
Class Distribution :  [35. 42. 40. 30. 27. 29. 28. 41. 33. 45.]
testing accuracy 0.3943


SEED 4666
WAAL
[0.2109 0.2799 0.3122 0.3351 0.3445 0.3837 0.3943]
CIFAR10
RANDOM SEED 4666
WAAL
Class Distribution :  [9. 7. 4. 5. 4. 4. 3. 7. 5. 2.]
Round 0
testing accuracy 0.2402


Round 1
Class Distribution :  [19. 16.  5.  5.  6.  4.  3.  9. 10. 23.]
testing accuracy 0.3023


Round 2
Class Distribution :  [24. 25.  7. 11. 11.  7.  4. 13. 17. 31.]
testing accuracy 0.3114


Round 3
Class Distribution :  [29. 30. 13. 16. 19.  9. 10. 19. 21. 34.]
testing accuracy 0.2999


Round 4
Class Distribution :  [33. 32. 18. 23. 25. 17. 14. 23. 28. 37.]
testing accuracy 0.3256


Round 5
Class Distribution :  [35. 36. 25. 32. 33. 24. 22. 25. 29. 39.]
testing accuracy 0.3738


Round 6
Class Distribution :  [41. 37. 32. 37. 39. 29. 26. 32. 32. 45.]
testing accuracy 0.3956


SEED 4666
WAAL
[0.2402 0.3023 0.3114 0.2999 0.3256 0.3738 0.3956]
0: 0.312
1: 0.326
2: 0.322
mean AUBC(acc): 0.32. std dev AUBC(acc): 0.0059
mean time: 13100.6667. std dev time: 5.7349
